INFO: [VRFC 10-2263] Analyzing Verilog file "C:/tmy/0_elta/SPI/Project_v242/project.sim/sim_1/synth/timing/xsim/ip_tb_time_synth.v" into library xil_defaultlib
INFO: [VRFC 10-311] analyzing module IBUF_UNIQ_BASE_
INFO: [VRFC 10-311] analyzing module IBUF_HD29
INFO: [VRFC 10-311] analyzing module IBUF_HD30
INFO: [VRFC 10-311] analyzing module IBUF_HD31
INFO: [VRFC 10-311] analyzing module IBUF_HD32
INFO: [VRFC 10-311] analyzing module IBUF_HD33
INFO: [VRFC 10-311] analyzing module IBUF_HD34
INFO: [VRFC 10-311] analyzing module IBUF_HD35
INFO: [VRFC 10-311] analyzing module IBUF_HD36
INFO: [VRFC 10-311] analyzing module IBUF_HD37
INFO: [VRFC 10-311] analyzing module IBUF_HD38
INFO: [VRFC 10-311] analyzing module IBUF_HD39
INFO: [VRFC 10-311] analyzing module IBUF_HD40
INFO: [VRFC 10-311] analyzing module IBUF_HD41
INFO: [VRFC 10-311] analyzing module IBUF_HD42
INFO: [VRFC 10-311] analyzing module IBUF_HD43
INFO: [VRFC 10-311] analyzing module IBUF_HD44
INFO: [VRFC 10-311] analyzing module IBUF_HD45
INFO: [VRFC 10-311] analyzing module IBUF_HD46
INFO: [VRFC 10-311] analyzing module IBUF_HD47
INFO: [VRFC 10-311] analyzing module IBUF_HD48
INFO: [VRFC 10-311] analyzing module IBUF_HD49
INFO: [VRFC 10-311] analyzing module IBUF_HD50
INFO: [VRFC 10-311] analyzing module IBUF_HD51
INFO: [VRFC 10-311] analyzing module IBUF_HD52
INFO: [VRFC 10-311] analyzing module IBUF_HD53
INFO: [VRFC 10-311] analyzing module IBUF_HD54
INFO: [VRFC 10-311] analyzing module IBUF_HD55
INFO: [VRFC 10-311] analyzing module IBUF_HD56
INFO: [VRFC 10-311] analyzing module IBUF_HD57
INFO: [VRFC 10-311] analyzing module IBUF_HD58
INFO: [VRFC 10-311] analyzing module IBUF_HD59
INFO: [VRFC 10-311] analyzing module IBUF_HD60
INFO: [VRFC 10-311] analyzing module IBUF_HD61
INFO: [VRFC 10-311] analyzing module IBUF_HD62
INFO: [VRFC 10-311] analyzing module IBUF_HD63
INFO: [VRFC 10-311] analyzing module IBUF_HD64
INFO: [VRFC 10-311] analyzing module IBUF_HD65
INFO: [VRFC 10-311] analyzing module IBUF_HD66
INFO: [VRFC 10-311] analyzing module IBUF_HD67
INFO: [VRFC 10-311] analyzing module IBUF_HD68
INFO: [VRFC 10-311] analyzing module IBUF_HD69
INFO: [VRFC 10-311] analyzing module IBUF_HD70
INFO: [VRFC 10-311] analyzing module IBUF_HD71
INFO: [VRFC 10-311] analyzing module IBUF_HD72
INFO: [VRFC 10-311] analyzing module IBUF_HD73
INFO: [VRFC 10-311] analyzing module IBUF_HD74
INFO: [VRFC 10-311] analyzing module IBUF_HD75
INFO: [VRFC 10-311] analyzing module IBUF_HD76
INFO: [VRFC 10-311] analyzing module IBUF_HD77
INFO: [VRFC 10-311] analyzing module IBUF_HD78
INFO: [VRFC 10-311] analyzing module IBUF_HD79
INFO: [VRFC 10-311] analyzing module IBUF_HD80
INFO: [VRFC 10-311] analyzing module IBUF_HD81
INFO: [VRFC 10-311] analyzing module IBUF_HD82
INFO: [VRFC 10-311] analyzing module IBUF_HD83
INFO: [VRFC 10-311] analyzing module IBUF_HD84
INFO: [VRFC 10-311] analyzing module RAM32M_UNIQ_BASE_
INFO: [VRFC 10-311] analyzing module RAM32M16_UNIQ_BASE_
INFO: [VRFC 10-311] analyzing module RAM32M16_HD1
INFO: [VRFC 10-311] analyzing module RAM32M16_HD11
INFO: [VRFC 10-311] analyzing module RAM32M16_HD12
INFO: [VRFC 10-311] analyzing module RAM32M16_HD14
INFO: [VRFC 10-311] analyzing module RAM32M16_HD15
INFO: [VRFC 10-311] analyzing module RAM32M16_HD17
INFO: [VRFC 10-311] analyzing module RAM32M16_HD18
INFO: [VRFC 10-311] analyzing module RAM32M16_HD2
INFO: [VRFC 10-311] analyzing module RAM32M16_HD20
INFO: [VRFC 10-311] analyzing module RAM32M16_HD21
INFO: [VRFC 10-311] analyzing module RAM32M16_HD23
INFO: [VRFC 10-311] analyzing module RAM32M16_HD24
INFO: [VRFC 10-311] analyzing module RAM32M16_HD26
INFO: [VRFC 10-311] analyzing module RAM32M16_HD27
INFO: [VRFC 10-311] analyzing module RAM32M16_HD3
INFO: [VRFC 10-311] analyzing module RAM32M16_HD5
INFO: [VRFC 10-311] analyzing module RAM32M16_HD6
INFO: [VRFC 10-311] analyzing module RAM32M16_HD8
INFO: [VRFC 10-311] analyzing module RAM32M16_HD9
INFO: [VRFC 10-311] analyzing module RAM32M_HD10
INFO: [VRFC 10-311] analyzing module RAM32M_HD13
INFO: [VRFC 10-311] analyzing module RAM32M_HD16
INFO: [VRFC 10-311] analyzing module RAM32M_HD19
INFO: [VRFC 10-311] analyzing module RAM32M_HD22
INFO: [VRFC 10-311] analyzing module RAM32M_HD25
INFO: [VRFC 10-311] analyzing module RAM32M_HD28
INFO: [VRFC 10-311] analyzing module RAM32M_HD4
INFO: [VRFC 10-311] analyzing module RAM32M_HD7
INFO: [VRFC 10-311] analyzing module AXI_lite_to_Reg
INFO: [VRFC 10-311] analyzing module awstd_controller
INFO: [VRFC 10-311] analyzing module axi_spi_top
INFO: [VRFC 10-311] analyzing module spi_bit_engine
INFO: [VRFC 10-311] analyzing module spi_master_top
INFO: [VRFC 10-311] analyzing module spi_resp_cdc
INFO: [VRFC 10-311] analyzing module xpm_cdc_gray
INFO: [VRFC 10-311] analyzing module xpm_cdc_gray__20
INFO: [VRFC 10-311] analyzing module xpm_cdc_gray__21
INFO: [VRFC 10-311] analyzing module xpm_cdc_gray__22
INFO: [VRFC 10-311] analyzing module xpm_cdc_gray__23
INFO: [VRFC 10-311] analyzing module xpm_cdc_gray__24
INFO: [VRFC 10-311] analyzing module xpm_cdc_gray__25
INFO: [VRFC 10-311] analyzing module xpm_cdc_gray__26
INFO: [VRFC 10-311] analyzing module xpm_cdc_gray__27
INFO: [VRFC 10-311] analyzing module xpm_cdc_gray__28
INFO: [VRFC 10-311] analyzing module xpm_cdc_gray__29
INFO: [VRFC 10-311] analyzing module xpm_cdc_gray__30
INFO: [VRFC 10-311] analyzing module xpm_cdc_gray__31
INFO: [VRFC 10-311] analyzing module xpm_cdc_gray__32
INFO: [VRFC 10-311] analyzing module xpm_cdc_gray__33
INFO: [VRFC 10-311] analyzing module xpm_cdc_gray__34
INFO: [VRFC 10-311] analyzing module xpm_cdc_gray__35
INFO: [VRFC 10-311] analyzing module xpm_cdc_gray__36
INFO: [VRFC 10-311] analyzing module xpm_cdc_gray__37
INFO: [VRFC 10-311] analyzing module xpm_cdc_gray__38
INFO: [VRFC 10-311] analyzing module xpm_cdc_gray__parameterized0
INFO: [VRFC 10-311] analyzing module xpm_cdc_gray__parameterized0__10
INFO: [VRFC 10-311] analyzing module xpm_cdc_gray__parameterized0__11
INFO: [VRFC 10-311] analyzing module xpm_cdc_gray__parameterized0__12
INFO: [VRFC 10-311] analyzing module xpm_cdc_gray__parameterized0__13
INFO: [VRFC 10-311] analyzing module xpm_cdc_gray__parameterized0__14
INFO: [VRFC 10-311] analyzing module xpm_cdc_gray__parameterized0__15
INFO: [VRFC 10-311] analyzing module xpm_cdc_gray__parameterized0__16
INFO: [VRFC 10-311] analyzing module xpm_cdc_gray__parameterized0__17
INFO: [VRFC 10-311] analyzing module xpm_cdc_gray__parameterized0__18
INFO: [VRFC 10-311] analyzing module xpm_cdc_gray__parameterized1
INFO: [VRFC 10-311] analyzing module xpm_cdc_gray__parameterized1__26
INFO: [VRFC 10-311] analyzing module xpm_cdc_gray__parameterized1__27
INFO: [VRFC 10-311] analyzing module xpm_cdc_gray__parameterized1__28
INFO: [VRFC 10-311] analyzing module xpm_cdc_gray__parameterized1__29
INFO: [VRFC 10-311] analyzing module xpm_cdc_gray__parameterized1__30
INFO: [VRFC 10-311] analyzing module xpm_cdc_gray__parameterized1__31
INFO: [VRFC 10-311] analyzing module xpm_cdc_gray__parameterized1__32
INFO: [VRFC 10-311] analyzing module xpm_cdc_gray__parameterized1__33
INFO: [VRFC 10-311] analyzing module xpm_cdc_gray__parameterized1__34
INFO: [VRFC 10-311] analyzing module xpm_cdc_gray__parameterized1__35
INFO: [VRFC 10-311] analyzing module xpm_cdc_gray__parameterized1__36
INFO: [VRFC 10-311] analyzing module xpm_cdc_gray__parameterized1__37
INFO: [VRFC 10-311] analyzing module xpm_cdc_gray__parameterized1__38
INFO: [VRFC 10-311] analyzing module xpm_cdc_gray__parameterized1__39
INFO: [VRFC 10-311] analyzing module xpm_cdc_gray__parameterized1__40
INFO: [VRFC 10-311] analyzing module xpm_cdc_gray__parameterized1__41
INFO: [VRFC 10-311] analyzing module xpm_cdc_gray__parameterized1__42
INFO: [VRFC 10-311] analyzing module xpm_cdc_gray__parameterized1__43
INFO: [VRFC 10-311] analyzing module xpm_cdc_gray__parameterized1__44
INFO: [VRFC 10-311] analyzing module xpm_cdc_gray__parameterized1__45
INFO: [VRFC 10-311] analyzing module xpm_cdc_gray__parameterized1__46
INFO: [VRFC 10-311] analyzing module xpm_cdc_gray__parameterized1__47
INFO: [VRFC 10-311] analyzing module xpm_cdc_gray__parameterized1__48
INFO: [VRFC 10-311] analyzing module xpm_cdc_gray__parameterized1__49
INFO: [VRFC 10-311] analyzing module xpm_cdc_gray__parameterized1__50
INFO: [VRFC 10-311] analyzing module xpm_cdc_gray__parameterized2
INFO: [VRFC 10-311] analyzing module xpm_cdc_gray__parameterized2__10
INFO: [VRFC 10-311] analyzing module xpm_cdc_gray__parameterized2__11
INFO: [VRFC 10-311] analyzing module xpm_cdc_gray__parameterized2__12
INFO: [VRFC 10-311] analyzing module xpm_cdc_gray__parameterized2__13
INFO: [VRFC 10-311] analyzing module xpm_cdc_gray__parameterized2__14
INFO: [VRFC 10-311] analyzing module xpm_cdc_gray__parameterized2__8
INFO: [VRFC 10-311] analyzing module xpm_cdc_gray__parameterized2__9
INFO: [VRFC 10-311] analyzing module xpm_cdc_gray__parameterized3
INFO: [VRFC 10-311] analyzing module xpm_cdc_gray__parameterized3__10
INFO: [VRFC 10-311] analyzing module xpm_cdc_gray__parameterized3__11
INFO: [VRFC 10-311] analyzing module xpm_cdc_gray__parameterized3__12
INFO: [VRFC 10-311] analyzing module xpm_cdc_gray__parameterized3__13
INFO: [VRFC 10-311] analyzing module xpm_cdc_gray__parameterized3__14
INFO: [VRFC 10-311] analyzing module xpm_cdc_gray__parameterized3__8
INFO: [VRFC 10-311] analyzing module xpm_cdc_gray__parameterized3__9
INFO: [VRFC 10-311] analyzing module xpm_cdc_pulse
INFO: [VRFC 10-311] analyzing module xpm_cdc_single
INFO: [VRFC 10-311] analyzing module xpm_cdc_sync_rst
INFO: [VRFC 10-311] analyzing module xpm_cdc_sync_rst__36
INFO: [VRFC 10-311] analyzing module xpm_cdc_sync_rst__37
INFO: [VRFC 10-311] analyzing module xpm_cdc_sync_rst__38
INFO: [VRFC 10-311] analyzing module xpm_cdc_sync_rst__39
INFO: [VRFC 10-311] analyzing module xpm_cdc_sync_rst__40
INFO: [VRFC 10-311] analyzing module xpm_cdc_sync_rst__41
INFO: [VRFC 10-311] analyzing module xpm_cdc_sync_rst__42
INFO: [VRFC 10-311] analyzing module xpm_cdc_sync_rst__43
INFO: [VRFC 10-311] analyzing module xpm_cdc_sync_rst__44
INFO: [VRFC 10-311] analyzing module xpm_cdc_sync_rst__45
INFO: [VRFC 10-311] analyzing module xpm_cdc_sync_rst__46
INFO: [VRFC 10-311] analyzing module xpm_cdc_sync_rst__47
INFO: [VRFC 10-311] analyzing module xpm_cdc_sync_rst__48
INFO: [VRFC 10-311] analyzing module xpm_cdc_sync_rst__49
INFO: [VRFC 10-311] analyzing module xpm_cdc_sync_rst__50
INFO: [VRFC 10-311] analyzing module xpm_cdc_sync_rst__51
INFO: [VRFC 10-311] analyzing module xpm_cdc_sync_rst__52
INFO: [VRFC 10-311] analyzing module xpm_cdc_sync_rst__53
INFO: [VRFC 10-311] analyzing module xpm_cdc_sync_rst__54
INFO: [VRFC 10-311] analyzing module xpm_cdc_sync_rst__55
INFO: [VRFC 10-311] analyzing module xpm_cdc_sync_rst__56
INFO: [VRFC 10-311] analyzing module xpm_cdc_sync_rst__57
INFO: [VRFC 10-311] analyzing module xpm_cdc_sync_rst__58
INFO: [VRFC 10-311] analyzing module xpm_cdc_sync_rst__59
INFO: [VRFC 10-311] analyzing module xpm_cdc_sync_rst__60
INFO: [VRFC 10-311] analyzing module xpm_cdc_sync_rst__61
INFO: [VRFC 10-311] analyzing module xpm_cdc_sync_rst__62
INFO: [VRFC 10-311] analyzing module xpm_cdc_sync_rst__63
INFO: [VRFC 10-311] analyzing module xpm_cdc_sync_rst__64
INFO: [VRFC 10-311] analyzing module xpm_cdc_sync_rst__65
INFO: [VRFC 10-311] analyzing module xpm_cdc_sync_rst__66
INFO: [VRFC 10-311] analyzing module xpm_cdc_sync_rst__67
INFO: [VRFC 10-311] analyzing module xpm_cdc_sync_rst__68
INFO: [VRFC 10-311] analyzing module xpm_cdc_sync_rst__69
INFO: [VRFC 10-311] analyzing module xpm_cdc_sync_rst__70
INFO: [VRFC 10-311] analyzing module xpm_counter_updn
INFO: [VRFC 10-311] analyzing module xpm_counter_updn_103
INFO: [VRFC 10-311] analyzing module xpm_counter_updn_114
INFO: [VRFC 10-311] analyzing module xpm_counter_updn_125
INFO: [VRFC 10-311] analyzing module xpm_counter_updn_136
INFO: [VRFC 10-311] analyzing module xpm_counter_updn_147
INFO: [VRFC 10-311] analyzing module xpm_counter_updn_158
INFO: [VRFC 10-311] analyzing module xpm_counter_updn_169
INFO: [VRFC 10-311] analyzing module xpm_counter_updn_180
INFO: [VRFC 10-311] analyzing module xpm_counter_updn_19
INFO: [VRFC 10-311] analyzing module xpm_counter_updn_30
INFO: [VRFC 10-311] analyzing module xpm_counter_updn_41
INFO: [VRFC 10-311] analyzing module xpm_counter_updn_52
INFO: [VRFC 10-311] analyzing module xpm_counter_updn_63
INFO: [VRFC 10-311] analyzing module xpm_counter_updn_74
INFO: [VRFC 10-311] analyzing module xpm_counter_updn_8
INFO: [VRFC 10-311] analyzing module xpm_counter_updn_84
INFO: [VRFC 10-311] analyzing module xpm_counter_updn_92
INFO: [VRFC 10-311] analyzing module xpm_counter_updn__parameterized0
INFO: [VRFC 10-311] analyzing module xpm_counter_updn__parameterized0_104
INFO: [VRFC 10-311] analyzing module xpm_counter_updn__parameterized0_107
INFO: [VRFC 10-311] analyzing module xpm_counter_updn__parameterized0_115
INFO: [VRFC 10-311] analyzing module xpm_counter_updn__parameterized0_118
INFO: [VRFC 10-311] analyzing module xpm_counter_updn__parameterized0_126
INFO: [VRFC 10-311] analyzing module xpm_counter_updn__parameterized0_129
INFO: [VRFC 10-311] analyzing module xpm_counter_updn__parameterized0_137
INFO: [VRFC 10-311] analyzing module xpm_counter_updn__parameterized0_140
INFO: [VRFC 10-311] analyzing module xpm_counter_updn__parameterized0_148
INFO: [VRFC 10-311] analyzing module xpm_counter_updn__parameterized0_151
INFO: [VRFC 10-311] analyzing module xpm_counter_updn__parameterized0_159
INFO: [VRFC 10-311] analyzing module xpm_counter_updn__parameterized0_162
INFO: [VRFC 10-311] analyzing module xpm_counter_updn__parameterized0_170
INFO: [VRFC 10-311] analyzing module xpm_counter_updn__parameterized0_173
INFO: [VRFC 10-311] analyzing module xpm_counter_updn__parameterized0_181
INFO: [VRFC 10-311] analyzing module xpm_counter_updn__parameterized0_184
INFO: [VRFC 10-311] analyzing module xpm_counter_updn__parameterized0_86
INFO: [VRFC 10-311] analyzing module xpm_counter_updn__parameterized0_93
INFO: [VRFC 10-311] analyzing module xpm_counter_updn__parameterized0_96
INFO: [VRFC 10-311] analyzing module xpm_counter_updn__parameterized1
INFO: [VRFC 10-311] analyzing module xpm_counter_updn__parameterized1_105
INFO: [VRFC 10-311] analyzing module xpm_counter_updn__parameterized1_108
INFO: [VRFC 10-311] analyzing module xpm_counter_updn__parameterized1_116
INFO: [VRFC 10-311] analyzing module xpm_counter_updn__parameterized1_119
INFO: [VRFC 10-311] analyzing module xpm_counter_updn__parameterized1_127
INFO: [VRFC 10-311] analyzing module xpm_counter_updn__parameterized1_130
INFO: [VRFC 10-311] analyzing module xpm_counter_updn__parameterized1_138
INFO: [VRFC 10-311] analyzing module xpm_counter_updn__parameterized1_141
INFO: [VRFC 10-311] analyzing module xpm_counter_updn__parameterized1_149
INFO: [VRFC 10-311] analyzing module xpm_counter_updn__parameterized1_152
INFO: [VRFC 10-311] analyzing module xpm_counter_updn__parameterized1_160
INFO: [VRFC 10-311] analyzing module xpm_counter_updn__parameterized1_163
INFO: [VRFC 10-311] analyzing module xpm_counter_updn__parameterized1_171
INFO: [VRFC 10-311] analyzing module xpm_counter_updn__parameterized1_174
INFO: [VRFC 10-311] analyzing module xpm_counter_updn__parameterized1_182
INFO: [VRFC 10-311] analyzing module xpm_counter_updn__parameterized1_185
INFO: [VRFC 10-311] analyzing module xpm_counter_updn__parameterized1_87
INFO: [VRFC 10-311] analyzing module xpm_counter_updn__parameterized1_94
INFO: [VRFC 10-311] analyzing module xpm_counter_updn__parameterized1_97
INFO: [VRFC 10-311] analyzing module xpm_counter_updn__parameterized2
INFO: [VRFC 10-311] analyzing module xpm_counter_updn__parameterized2_109
INFO: [VRFC 10-311] analyzing module xpm_counter_updn__parameterized2_120
INFO: [VRFC 10-311] analyzing module xpm_counter_updn__parameterized2_131
INFO: [VRFC 10-311] analyzing module xpm_counter_updn__parameterized2_142
INFO: [VRFC 10-311] analyzing module xpm_counter_updn__parameterized2_153
INFO: [VRFC 10-311] analyzing module xpm_counter_updn__parameterized2_164
INFO: [VRFC 10-311] analyzing module xpm_counter_updn__parameterized2_175
INFO: [VRFC 10-311] analyzing module xpm_counter_updn__parameterized2_186
INFO: [VRFC 10-311] analyzing module xpm_counter_updn__parameterized2_98
INFO: [VRFC 10-311] analyzing module xpm_counter_updn__parameterized3
INFO: [VRFC 10-311] analyzing module xpm_counter_updn__parameterized3_12
INFO: [VRFC 10-311] analyzing module xpm_counter_updn__parameterized3_2
INFO: [VRFC 10-311] analyzing module xpm_counter_updn__parameterized3_20
INFO: [VRFC 10-311] analyzing module xpm_counter_updn__parameterized3_23
INFO: [VRFC 10-311] analyzing module xpm_counter_updn__parameterized3_31
INFO: [VRFC 10-311] analyzing module xpm_counter_updn__parameterized3_34
INFO: [VRFC 10-311] analyzing module xpm_counter_updn__parameterized3_42
INFO: [VRFC 10-311] analyzing module xpm_counter_updn__parameterized3_45
INFO: [VRFC 10-311] analyzing module xpm_counter_updn__parameterized3_53
INFO: [VRFC 10-311] analyzing module xpm_counter_updn__parameterized3_56
INFO: [VRFC 10-311] analyzing module xpm_counter_updn__parameterized3_64
INFO: [VRFC 10-311] analyzing module xpm_counter_updn__parameterized3_67
INFO: [VRFC 10-311] analyzing module xpm_counter_updn__parameterized3_75
INFO: [VRFC 10-311] analyzing module xpm_counter_updn__parameterized3_78
INFO: [VRFC 10-311] analyzing module xpm_counter_updn__parameterized3_9
INFO: [VRFC 10-311] analyzing module xpm_counter_updn__parameterized4
INFO: [VRFC 10-311] analyzing module xpm_counter_updn__parameterized4_10
INFO: [VRFC 10-311] analyzing module xpm_counter_updn__parameterized4_13
INFO: [VRFC 10-311] analyzing module xpm_counter_updn__parameterized4_21
INFO: [VRFC 10-311] analyzing module xpm_counter_updn__parameterized4_24
INFO: [VRFC 10-311] analyzing module xpm_counter_updn__parameterized4_3
INFO: [VRFC 10-311] analyzing module xpm_counter_updn__parameterized4_32
INFO: [VRFC 10-311] analyzing module xpm_counter_updn__parameterized4_35
INFO: [VRFC 10-311] analyzing module xpm_counter_updn__parameterized4_43
INFO: [VRFC 10-311] analyzing module xpm_counter_updn__parameterized4_46
INFO: [VRFC 10-311] analyzing module xpm_counter_updn__parameterized4_54
INFO: [VRFC 10-311] analyzing module xpm_counter_updn__parameterized4_57
INFO: [VRFC 10-311] analyzing module xpm_counter_updn__parameterized4_65
INFO: [VRFC 10-311] analyzing module xpm_counter_updn__parameterized4_68
INFO: [VRFC 10-311] analyzing module xpm_counter_updn__parameterized4_76
INFO: [VRFC 10-311] analyzing module xpm_counter_updn__parameterized4_79
INFO: [VRFC 10-311] analyzing module xpm_counter_updn__parameterized5
INFO: [VRFC 10-311] analyzing module xpm_counter_updn__parameterized5_14
INFO: [VRFC 10-311] analyzing module xpm_counter_updn__parameterized5_25
INFO: [VRFC 10-311] analyzing module xpm_counter_updn__parameterized5_36
INFO: [VRFC 10-311] analyzing module xpm_counter_updn__parameterized5_47
INFO: [VRFC 10-311] analyzing module xpm_counter_updn__parameterized5_58
INFO: [VRFC 10-311] analyzing module xpm_counter_updn__parameterized5_69
INFO: [VRFC 10-311] analyzing module xpm_counter_updn__parameterized5_80
INFO: [VRFC 10-311] analyzing module xpm_fifo_async
INFO: [VRFC 10-311] analyzing module xpm_fifo_async__parameterized0
INFO: [VRFC 10-311] analyzing module xpm_fifo_async__parameterized0__xdcDup__1
INFO: [VRFC 10-311] analyzing module xpm_fifo_async__parameterized0__xdcDup__2
INFO: [VRFC 10-311] analyzing module xpm_fifo_async__parameterized0__xdcDup__3
INFO: [VRFC 10-311] analyzing module xpm_fifo_async__parameterized0__xdcDup__4
INFO: [VRFC 10-311] analyzing module xpm_fifo_async__parameterized0__xdcDup__5
INFO: [VRFC 10-311] analyzing module xpm_fifo_async__parameterized0__xdcDup__6
INFO: [VRFC 10-311] analyzing module xpm_fifo_async__parameterized0__xdcDup__7
INFO: [VRFC 10-311] analyzing module xpm_fifo_async__xdcDup__1
INFO: [VRFC 10-311] analyzing module xpm_fifo_async__xdcDup__2
INFO: [VRFC 10-311] analyzing module xpm_fifo_async__xdcDup__3
INFO: [VRFC 10-311] analyzing module xpm_fifo_async__xdcDup__4
INFO: [VRFC 10-311] analyzing module xpm_fifo_async__xdcDup__5
INFO: [VRFC 10-311] analyzing module xpm_fifo_async__xdcDup__6
INFO: [VRFC 10-311] analyzing module xpm_fifo_async__xdcDup__7
INFO: [VRFC 10-311] analyzing module xpm_fifo_async__xdcDup__8
INFO: [VRFC 10-311] analyzing module xpm_fifo_async__xdcDup__9
INFO: [VRFC 10-311] analyzing module xpm_fifo_base
INFO: [VRFC 10-311] analyzing module xpm_fifo_base__parameterized0
INFO: [VRFC 10-311] analyzing module xpm_fifo_base__parameterized0__xdcDup__1
INFO: [VRFC 10-311] analyzing module xpm_fifo_base__parameterized0__xdcDup__2
INFO: [VRFC 10-311] analyzing module xpm_fifo_base__parameterized0__xdcDup__3
INFO: [VRFC 10-311] analyzing module xpm_fifo_base__parameterized0__xdcDup__4
INFO: [VRFC 10-311] analyzing module xpm_fifo_base__parameterized0__xdcDup__5
INFO: [VRFC 10-311] analyzing module xpm_fifo_base__parameterized0__xdcDup__6
INFO: [VRFC 10-311] analyzing module xpm_fifo_base__parameterized0__xdcDup__7
INFO: [VRFC 10-311] analyzing module xpm_fifo_base__xdcDup__1
INFO: [VRFC 10-311] analyzing module xpm_fifo_base__xdcDup__2
INFO: [VRFC 10-311] analyzing module xpm_fifo_base__xdcDup__3
INFO: [VRFC 10-311] analyzing module xpm_fifo_base__xdcDup__4
INFO: [VRFC 10-311] analyzing module xpm_fifo_base__xdcDup__5
INFO: [VRFC 10-311] analyzing module xpm_fifo_base__xdcDup__6
INFO: [VRFC 10-311] analyzing module xpm_fifo_base__xdcDup__7
INFO: [VRFC 10-311] analyzing module xpm_fifo_base__xdcDup__8
INFO: [VRFC 10-311] analyzing module xpm_fifo_base__xdcDup__9
INFO: [VRFC 10-311] analyzing module xpm_fifo_reg_bit
INFO: [VRFC 10-311] analyzing module xpm_fifo_reg_bit_106
INFO: [VRFC 10-311] analyzing module xpm_fifo_reg_bit_11
INFO: [VRFC 10-311] analyzing module xpm_fifo_reg_bit_117
INFO: [VRFC 10-311] analyzing module xpm_fifo_reg_bit_128
INFO: [VRFC 10-311] analyzing module xpm_fifo_reg_bit_139
INFO: [VRFC 10-311] analyzing module xpm_fifo_reg_bit_150
INFO: [VRFC 10-311] analyzing module xpm_fifo_reg_bit_161
INFO: [VRFC 10-311] analyzing module xpm_fifo_reg_bit_172
INFO: [VRFC 10-311] analyzing module xpm_fifo_reg_bit_183
INFO: [VRFC 10-311] analyzing module xpm_fifo_reg_bit_22
INFO: [VRFC 10-311] analyzing module xpm_fifo_reg_bit_33
INFO: [VRFC 10-311] analyzing module xpm_fifo_reg_bit_44
INFO: [VRFC 10-311] analyzing module xpm_fifo_reg_bit_55
INFO: [VRFC 10-311] analyzing module xpm_fifo_reg_bit_66
INFO: [VRFC 10-311] analyzing module xpm_fifo_reg_bit_77
INFO: [VRFC 10-311] analyzing module xpm_fifo_reg_bit_85
INFO: [VRFC 10-311] analyzing module xpm_fifo_reg_bit_95
INFO: [VRFC 10-311] analyzing module xpm_fifo_reg_vec
INFO: [VRFC 10-311] analyzing module xpm_fifo_reg_vec_101
INFO: [VRFC 10-311] analyzing module xpm_fifo_reg_vec_110
INFO: [VRFC 10-311] analyzing module xpm_fifo_reg_vec_112
INFO: [VRFC 10-311] analyzing module xpm_fifo_reg_vec_121
INFO: [VRFC 10-311] analyzing module xpm_fifo_reg_vec_123
INFO: [VRFC 10-311] analyzing module xpm_fifo_reg_vec_132
INFO: [VRFC 10-311] analyzing module xpm_fifo_reg_vec_134
INFO: [VRFC 10-311] analyzing module xpm_fifo_reg_vec_143
INFO: [VRFC 10-311] analyzing module xpm_fifo_reg_vec_145
INFO: [VRFC 10-311] analyzing module xpm_fifo_reg_vec_154
INFO: [VRFC 10-311] analyzing module xpm_fifo_reg_vec_156
INFO: [VRFC 10-311] analyzing module xpm_fifo_reg_vec_165
INFO: [VRFC 10-311] analyzing module xpm_fifo_reg_vec_167
INFO: [VRFC 10-311] analyzing module xpm_fifo_reg_vec_176
INFO: [VRFC 10-311] analyzing module xpm_fifo_reg_vec_178
INFO: [VRFC 10-311] analyzing module xpm_fifo_reg_vec_82
INFO: [VRFC 10-311] analyzing module xpm_fifo_reg_vec_88
INFO: [VRFC 10-311] analyzing module xpm_fifo_reg_vec_90
INFO: [VRFC 10-311] analyzing module xpm_fifo_reg_vec_99
INFO: [VRFC 10-311] analyzing module xpm_fifo_reg_vec__parameterized0
INFO: [VRFC 10-311] analyzing module xpm_fifo_reg_vec__parameterized0_0
INFO: [VRFC 10-311] analyzing module xpm_fifo_reg_vec__parameterized0_100
INFO: [VRFC 10-311] analyzing module xpm_fifo_reg_vec__parameterized0_102
INFO: [VRFC 10-311] analyzing module xpm_fifo_reg_vec__parameterized0_111
INFO: [VRFC 10-311] analyzing module xpm_fifo_reg_vec__parameterized0_113
INFO: [VRFC 10-311] analyzing module xpm_fifo_reg_vec__parameterized0_122
INFO: [VRFC 10-311] analyzing module xpm_fifo_reg_vec__parameterized0_124
INFO: [VRFC 10-311] analyzing module xpm_fifo_reg_vec__parameterized0_133
INFO: [VRFC 10-311] analyzing module xpm_fifo_reg_vec__parameterized0_135
INFO: [VRFC 10-311] analyzing module xpm_fifo_reg_vec__parameterized0_144
INFO: [VRFC 10-311] analyzing module xpm_fifo_reg_vec__parameterized0_146
INFO: [VRFC 10-311] analyzing module xpm_fifo_reg_vec__parameterized0_15
INFO: [VRFC 10-311] analyzing module xpm_fifo_reg_vec__parameterized0_155
INFO: [VRFC 10-311] analyzing module xpm_fifo_reg_vec__parameterized0_157
INFO: [VRFC 10-311] analyzing module xpm_fifo_reg_vec__parameterized0_166
INFO: [VRFC 10-311] analyzing module xpm_fifo_reg_vec__parameterized0_168
INFO: [VRFC 10-311] analyzing module xpm_fifo_reg_vec__parameterized0_17
INFO: [VRFC 10-311] analyzing module xpm_fifo_reg_vec__parameterized0_177
INFO: [VRFC 10-311] analyzing module xpm_fifo_reg_vec__parameterized0_179
INFO: [VRFC 10-311] analyzing module xpm_fifo_reg_vec__parameterized0_26
INFO: [VRFC 10-311] analyzing module xpm_fifo_reg_vec__parameterized0_28
INFO: [VRFC 10-311] analyzing module xpm_fifo_reg_vec__parameterized0_37
INFO: [VRFC 10-311] analyzing module xpm_fifo_reg_vec__parameterized0_39
INFO: [VRFC 10-311] analyzing module xpm_fifo_reg_vec__parameterized0_4
INFO: [VRFC 10-311] analyzing module xpm_fifo_reg_vec__parameterized0_48
INFO: [VRFC 10-311] analyzing module xpm_fifo_reg_vec__parameterized0_50
INFO: [VRFC 10-311] analyzing module xpm_fifo_reg_vec__parameterized0_59
INFO: [VRFC 10-311] analyzing module xpm_fifo_reg_vec__parameterized0_6
INFO: [VRFC 10-311] analyzing module xpm_fifo_reg_vec__parameterized0_61
INFO: [VRFC 10-311] analyzing module xpm_fifo_reg_vec__parameterized0_70
INFO: [VRFC 10-311] analyzing module xpm_fifo_reg_vec__parameterized0_72
INFO: [VRFC 10-311] analyzing module xpm_fifo_reg_vec__parameterized0_81
INFO: [VRFC 10-311] analyzing module xpm_fifo_reg_vec__parameterized0_83
INFO: [VRFC 10-311] analyzing module xpm_fifo_reg_vec__parameterized0_89
INFO: [VRFC 10-311] analyzing module xpm_fifo_reg_vec__parameterized0_91
INFO: [VRFC 10-311] analyzing module xpm_fifo_reg_vec__parameterized1
INFO: [VRFC 10-311] analyzing module xpm_fifo_reg_vec__parameterized1_1
INFO: [VRFC 10-311] analyzing module xpm_fifo_reg_vec__parameterized1_16
INFO: [VRFC 10-311] analyzing module xpm_fifo_reg_vec__parameterized1_18
INFO: [VRFC 10-311] analyzing module xpm_fifo_reg_vec__parameterized1_27
INFO: [VRFC 10-311] analyzing module xpm_fifo_reg_vec__parameterized1_29
INFO: [VRFC 10-311] analyzing module xpm_fifo_reg_vec__parameterized1_38
INFO: [VRFC 10-311] analyzing module xpm_fifo_reg_vec__parameterized1_40
INFO: [VRFC 10-311] analyzing module xpm_fifo_reg_vec__parameterized1_49
INFO: [VRFC 10-311] analyzing module xpm_fifo_reg_vec__parameterized1_5
INFO: [VRFC 10-311] analyzing module xpm_fifo_reg_vec__parameterized1_51
INFO: [VRFC 10-311] analyzing module xpm_fifo_reg_vec__parameterized1_60
INFO: [VRFC 10-311] analyzing module xpm_fifo_reg_vec__parameterized1_62
INFO: [VRFC 10-311] analyzing module xpm_fifo_reg_vec__parameterized1_7
INFO: [VRFC 10-311] analyzing module xpm_fifo_reg_vec__parameterized1_71
INFO: [VRFC 10-311] analyzing module xpm_fifo_reg_vec__parameterized1_73
INFO: [VRFC 10-311] analyzing module xpm_fifo_rst
INFO: [VRFC 10-311] analyzing module xpm_fifo_rst__xdcDup__1
INFO: [VRFC 10-311] analyzing module xpm_fifo_rst__xdcDup__10
INFO: [VRFC 10-311] analyzing module xpm_fifo_rst__xdcDup__11
INFO: [VRFC 10-311] analyzing module xpm_fifo_rst__xdcDup__12
INFO: [VRFC 10-311] analyzing module xpm_fifo_rst__xdcDup__13
INFO: [VRFC 10-311] analyzing module xpm_fifo_rst__xdcDup__14
INFO: [VRFC 10-311] analyzing module xpm_fifo_rst__xdcDup__15
INFO: [VRFC 10-311] analyzing module xpm_fifo_rst__xdcDup__16
INFO: [VRFC 10-311] analyzing module xpm_fifo_rst__xdcDup__17
INFO: [VRFC 10-311] analyzing module xpm_fifo_rst__xdcDup__2
INFO: [VRFC 10-311] analyzing module xpm_fifo_rst__xdcDup__3
INFO: [VRFC 10-311] analyzing module xpm_fifo_rst__xdcDup__4
INFO: [VRFC 10-311] analyzing module xpm_fifo_rst__xdcDup__5
INFO: [VRFC 10-311] analyzing module xpm_fifo_rst__xdcDup__6
INFO: [VRFC 10-311] analyzing module xpm_fifo_rst__xdcDup__7
INFO: [VRFC 10-311] analyzing module xpm_fifo_rst__xdcDup__8
INFO: [VRFC 10-311] analyzing module xpm_fifo_rst__xdcDup__9
INFO: [VRFC 10-311] analyzing module xpm_memory_base
INFO: [VRFC 10-311] analyzing module xpm_memory_base__10
INFO: [VRFC 10-311] analyzing module xpm_memory_base__11
INFO: [VRFC 10-311] analyzing module xpm_memory_base__12
INFO: [VRFC 10-311] analyzing module xpm_memory_base__13
INFO: [VRFC 10-311] analyzing module xpm_memory_base__14
INFO: [VRFC 10-311] analyzing module xpm_memory_base__15
INFO: [VRFC 10-311] analyzing module xpm_memory_base__16
INFO: [VRFC 10-311] analyzing module xpm_memory_base__17
INFO: [VRFC 10-311] analyzing module xpm_memory_base__18
INFO: [VRFC 10-311] analyzing module xpm_memory_base__parameterized0
INFO: [VRFC 10-311] analyzing module xpm_memory_base__parameterized0__10
INFO: [VRFC 10-311] analyzing module xpm_memory_base__parameterized0__11
INFO: [VRFC 10-311] analyzing module xpm_memory_base__parameterized0__12
INFO: [VRFC 10-311] analyzing module xpm_memory_base__parameterized0__13
INFO: [VRFC 10-311] analyzing module xpm_memory_base__parameterized0__14
INFO: [VRFC 10-311] analyzing module xpm_memory_base__parameterized0__8
INFO: [VRFC 10-311] analyzing module xpm_memory_base__parameterized0__9
INFO: [VRFC 10-311] analyzing module glbl
INFO: [VRFC 10-2263] Analyzing Verilog file "C:/tmy/0_elta/SPI/RTL/awstd_controller.v" into library xil_defaultlib
INFO: [VRFC 10-311] analyzing module awstd_controller
WARNING: [VRFC 10-3609] overwriting previous definition of module 'awstd_controller' [C:/tmy/0_elta/SPI/RTL/awstd_controller.v:2]
INFO: [VRFC 10-2263] Analyzing Verilog file "C:/tmy/0_elta/SPI/RTL/spi_bit_engine.v" into library xil_defaultlib
INFO: [VRFC 10-311] analyzing module spi_bit_engine
WARNING: [VRFC 10-3609] overwriting previous definition of module 'spi_bit_engine' [C:/tmy/0_elta/SPI/RTL/spi_bit_engine.v:2]
INFO: [VRFC 10-2263] Analyzing Verilog file "C:/tmy/0_elta/SPI/RTL/spi_master_top.v" into library xil_defaultlib
INFO: [VRFC 10-311] analyzing module spi_master_top
WARNING: [VRFC 10-3609] overwriting previous definition of module 'spi_master_top' [C:/tmy/0_elta/SPI/RTL/spi_master_top.v:3]
INFO: [VRFC 10-2263] Analyzing Verilog file "C:/tmy/0_elta/SPI/RTL/spi_packet_builders.v" into library xil_defaultlib
INFO: [VRFC 10-311] analyzing module bit_reverse
INFO: [VRFC 10-311] analyzing module aw_serial60_builder
INFO: [VRFC 10-311] analyzing module aw_broadcast62_builder
INFO: [VRFC 10-311] analyzing module aw_chain_concat
INFO: [VRFC 10-2263] Analyzing Verilog file "C:/tmy/0_elta/SPI/RTL/spi_resp_cdc.v" into library xil_defaultlib
INFO: [VRFC 10-311] analyzing module spi_resp_cdc
WARNING: [VRFC 10-3609] overwriting previous definition of module 'spi_resp_cdc' [C:/tmy/0_elta/SPI/RTL/spi_resp_cdc.v:3]
INFO: [VRFC 10-2263] Analyzing SystemVerilog file "C:/tmy/0_elta/SPI/RTL/axi_slave_lite.v" into library xil_defaultlib
INFO: [VRFC 10-311] analyzing module AXI_lite_to_Reg
WARNING: [VRFC 10-3380] identifier 'C_S_AXI_DATA_WIDTH' is used before its declaration [C:/tmy/0_elta/SPI/RTL/axi_slave_lite.v:10]
WARNING: [VRFC 10-3380] identifier 'C_S_AXI_DATA_WIDTH' is used before its declaration [C:/tmy/0_elta/SPI/RTL/axi_slave_lite.v:13]
WARNING: [VRFC 10-3609] overwriting previous definition of module 'AXI_lite_to_Reg' [C:/tmy/0_elta/SPI/RTL/axi_slave_lite.v:4]
INFO: [VRFC 10-2263] Analyzing Verilog file "C:/tmy/0_elta/SPI/RTL/axi_spi_top.v" into library xil_defaultlib
INFO: [VRFC 10-311] analyzing module axi_spi_top
WARNING: [VRFC 10-3609] overwriting previous definition of module 'axi_spi_top' [C:/tmy/0_elta/SPI/RTL/axi_spi_top.v:3]
INFO: [VRFC 10-2263] Analyzing Verilog file "C:/tmy/0_elta/SPI/SIM/Version_AXI.v" into library xil_defaultlib
INFO: [VRFC 10-311] analyzing module Version_AXI
INFO: [VRFC 10-2263] Analyzing Verilog file "C:/tmy/0_elta/SPI/SIM/Version.v" into library xil_defaultlib
INFO: [VRFC 10-311] analyzing module Version
INFO: [VRFC 10-2263] Analyzing Verilog file "C:/tmy/0_elta/SPI/SIM/ificx4.v" into library xil_defaultlib
INFO: [VRFC 10-311] analyzing module ificx4
INFO: [VRFC 10-2263] Analyzing Verilog file "C:/tmy/0_elta/SPI/SIM/spi_slv_ific.v" into library xil_defaultlib
INFO: [VRFC 10-311] analyzing module spi_slv_ific
INFO: [VRFC 10-2263] Analyzing SystemVerilog file "C:/tmy/0_elta/SPI/SIM/tb_axi_spi.sv" into library xil_defaultlib
ERROR: [VRFC 10-2989] 'spi_tb_axi_vip_0_0_pkg' is not declared [C:/tmy/0_elta/SPI/SIM/tb_axi_spi.sv:24]
INFO: [VRFC 10-311] analyzing module ip_tb
WARNING: [VRFC 10-8497] literal value 'h1ABCDEF56 truncated to fit in 32 bits [C:/tmy/0_elta/SPI/SIM/tb_axi_spi.sv:411]
WARNING: [VRFC 10-8497] literal value 'h2ABCDEF57 truncated to fit in 32 bits [C:/tmy/0_elta/SPI/SIM/tb_axi_spi.sv:416]
WARNING: [VRFC 10-8497] literal value 'h3ABCDEF58 truncated to fit in 32 bits [C:/tmy/0_elta/SPI/SIM/tb_axi_spi.sv:421]
ERROR: [VRFC 10-8530] module 'ip_tb' is ignored due to previous errors [C:/tmy/0_elta/SPI/SIM/tb_axi_spi.sv:67]
